EDA Netlist Writer report for VGA_Graphics
Wed Oct 19 16:01:32 2022
Quartus Prime Version 17.0.0 Build 595 04/25/2017 SJ Lite Edition


---------------------
; Table of Contents ;
---------------------
  1. Legal Notice
  2. EDA Netlist Writer Summary
  3. Simulation Settings
  4. Simulation Generated Files
  5. EDA Netlist Writer Messages



----------------
; Legal Notice ;
----------------
Copyright (C) 2017  Intel Corporation. All rights reserved.
Your use of Intel Corporation's design tools, logic functions 
and other software and tools, and its AMPP partner logic 
functions, and any output files from any of the foregoing 
(including device programming or simulation files), and any 
associated documentation or information are expressly subject 
to the terms and conditions of the Intel Program License 
Subscription Agreement, the Intel Quartus Prime License Agreement,
the Intel MegaCore Function License Agreement, or other 
applicable license agreement, including, without limitation, 
that your use is for the sole purpose of programming logic 
devices manufactured by Intel and sold by Intel or its 
authorized distributors.  Please refer to the applicable 
agreement for further details.



+-------------------------------------------------------------------+
; EDA Netlist Writer Summary                                        ;
+---------------------------+---------------------------------------+
; EDA Netlist Writer Status ; Successful - Wed Oct 19 16:01:32 2022 ;
; Revision Name             ; VGA_Graphics                          ;
; Top-level Entity Name     ; VGA_Sync                              ;
; Family                    ; Arria II GX                           ;
; Simulation Files Creation ; Successful                            ;
+---------------------------+---------------------------------------+


+----------------------------------------------------------------------------------------------------------------------------+
; Simulation Settings                                                                                                        ;
+---------------------------------------------------------------------------------------------------+------------------------+
; Option                                                                                            ; Setting                ;
+---------------------------------------------------------------------------------------------------+------------------------+
; Tool Name                                                                                         ; ModelSim-Altera (VHDL) ;
; Generate functional simulation netlist                                                            ; Off                    ;
; Time scale                                                                                        ; 1 ps                   ;
; Truncate long hierarchy paths                                                                     ; Off                    ;
; Map illegal HDL characters                                                                        ; Off                    ;
; Flatten buses into individual nodes                                                               ; Off                    ;
; Maintain hierarchy                                                                                ; Off                    ;
; Bring out device-wide set/reset signals as ports                                                  ; Off                    ;
; Enable glitch filtering                                                                           ; Off                    ;
; Do not write top level VHDL entity                                                                ; Off                    ;
; Disable detection of setup and hold time violations in the input registers of bi-directional pins ; Off                    ;
; Architecture name in VHDL output netlist                                                          ; structure              ;
; Generate third-party EDA tool command script for RTL functional simulation                        ; Off                    ;
; Generate third-party EDA tool command script for gate-level simulation                            ; Off                    ;
+---------------------------------------------------------------------------------------------------+------------------------+


+--------------------------------------------------------------------------------------------------+
; Simulation Generated Files                                                                       ;
+--------------------------------------------------------------------------------------------------+
; Generated Files                                                                                  ;
+--------------------------------------------------------------------------------------------------+
; C:/Users/simon/Desktop/UNI/VHDL/VGA/simulation/modelsim/VGA_Graphics_3_900mv_100c_slow.vho       ;
; C:/Users/simon/Desktop/UNI/VHDL/VGA/simulation/modelsim/VGA_Graphics_3_900mv_-40c_slow.vho       ;
; C:/Users/simon/Desktop/UNI/VHDL/VGA/simulation/modelsim/VGA_Graphics_min_900mv_-40c_fast.vho     ;
; C:/Users/simon/Desktop/UNI/VHDL/VGA/simulation/modelsim/VGA_Graphics.vho                         ;
; C:/Users/simon/Desktop/UNI/VHDL/VGA/simulation/modelsim/VGA_Graphics_3_900mv_100c_vhd_slow.sdo   ;
; C:/Users/simon/Desktop/UNI/VHDL/VGA/simulation/modelsim/VGA_Graphics_3_900mv_-40c_vhd_slow.sdo   ;
; C:/Users/simon/Desktop/UNI/VHDL/VGA/simulation/modelsim/VGA_Graphics_min_900mv_-40c_vhd_fast.sdo ;
; C:/Users/simon/Desktop/UNI/VHDL/VGA/simulation/modelsim/VGA_Graphics_vhd.sdo                     ;
+--------------------------------------------------------------------------------------------------+


+-----------------------------+
; EDA Netlist Writer Messages ;
+-----------------------------+
Info: *******************************************************************
Info: Running Quartus Prime EDA Netlist Writer
    Info: Version 17.0.0 Build 595 04/25/2017 SJ Lite Edition
    Info: Processing started: Wed Oct 19 16:01:30 2022
Info: Command: quartus_eda --read_settings_files=off --write_settings_files=off VGA_Graphics -c VGA_Graphics
Warning (18236): Number of processors has not been specified which may cause overloading on shared machines.  Set the global assignment NUM_PARALLEL_PROCESSORS in your QSF to an appropriate value for best performance.
Info (204019): Generated file VGA_Graphics_3_900mv_100c_slow.vho in folder "C:/Users/simon/Desktop/UNI/VHDL/VGA/simulation/modelsim/" for EDA simulation tool
Info (204019): Generated file VGA_Graphics_3_900mv_-40c_slow.vho in folder "C:/Users/simon/Desktop/UNI/VHDL/VGA/simulation/modelsim/" for EDA simulation tool
Info (204019): Generated file VGA_Graphics_min_900mv_-40c_fast.vho in folder "C:/Users/simon/Desktop/UNI/VHDL/VGA/simulation/modelsim/" for EDA simulation tool
Info (204019): Generated file VGA_Graphics.vho in folder "C:/Users/simon/Desktop/UNI/VHDL/VGA/simulation/modelsim/" for EDA simulation tool
Info (204019): Generated file VGA_Graphics_3_900mv_100c_vhd_slow.sdo in folder "C:/Users/simon/Desktop/UNI/VHDL/VGA/simulation/modelsim/" for EDA simulation tool
Info (204019): Generated file VGA_Graphics_3_900mv_-40c_vhd_slow.sdo in folder "C:/Users/simon/Desktop/UNI/VHDL/VGA/simulation/modelsim/" for EDA simulation tool
Info (204019): Generated file VGA_Graphics_min_900mv_-40c_vhd_fast.sdo in folder "C:/Users/simon/Desktop/UNI/VHDL/VGA/simulation/modelsim/" for EDA simulation tool
Info (204019): Generated file VGA_Graphics_vhd.sdo in folder "C:/Users/simon/Desktop/UNI/VHDL/VGA/simulation/modelsim/" for EDA simulation tool
Info: Quartus Prime EDA Netlist Writer was successful. 0 errors, 1 warning
    Info: Peak virtual memory: 4727 megabytes
    Info: Processing ended: Wed Oct 19 16:01:32 2022
    Info: Elapsed time: 00:00:02
    Info: Total CPU time (on all processors): 00:00:01


