Analysis & Synthesis report for VGA_Graphics
Fri Oct 21 17:24:16 2022
Quartus Prime Version 17.0.0 Build 595 04/25/2017 SJ Lite Edition


---------------------
; Table of Contents ;
---------------------
  1. Legal Notice
  2. Analysis & Synthesis Summary
  3. Analysis & Synthesis Settings
  4. Parallel Compilation
  5. Analysis & Synthesis Source Files Read
  6. Analysis & Synthesis Resource Usage Summary
  7. Analysis & Synthesis Resource Utilization by Entity
  8. General Register Statistics
  9. Parameter Settings for User Entity Instance: VGA_SyncTimer:horizontalSyncTimer
 10. Parameter Settings for User Entity Instance: VGA_SyncTimer:verticalSyncTimer
 11. Port Connectivity Checks: "VGA_SyncTimer:verticalSyncTimer"
 12. Post-Synthesis Netlist Statistics for Top Partition
 13. Elapsed Time Per Partition
 14. Analysis & Synthesis Messages



----------------
; Legal Notice ;
----------------
Copyright (C) 2017  Intel Corporation. All rights reserved.
Your use of Intel Corporation's design tools, logic functions 
and other software and tools, and its AMPP partner logic 
functions, and any output files from any of the foregoing 
(including device programming or simulation files), and any 
associated documentation or information are expressly subject 
to the terms and conditions of the Intel Program License 
Subscription Agreement, the Intel Quartus Prime License Agreement,
the Intel MegaCore Function License Agreement, or other 
applicable license agreement, including, without limitation, 
that your use is for the sole purpose of programming logic 
devices manufactured by Intel and sold by Intel or its 
authorized distributors.  Please refer to the applicable 
agreement for further details.



+---------------------------------------------------------------------------------+
; Analysis & Synthesis Summary                                                    ;
+-----------------------------------+---------------------------------------------+
; Analysis & Synthesis Status       ; Successful - Fri Oct 21 17:24:16 2022       ;
; Quartus Prime Version             ; 17.0.0 Build 595 04/25/2017 SJ Lite Edition ;
; Revision Name                     ; VGA_Graphics                                ;
; Top-level Entity Name             ; VGA_Sync                                    ;
; Family                            ; Arria II GX                                 ;
; Logic utilization                 ; N/A                                         ;
;     Combinational ALUTs           ; 92                                          ;
;     Memory ALUTs                  ; 0                                           ;
;     Dedicated logic registers     ; 97                                          ;
; Total registers                   ; 97                                          ;
; Total pins                        ; 36                                          ;
; Total virtual pins                ; 0                                           ;
; Total block memory bits           ; 0                                           ;
; DSP block 18-bit elements         ; 0                                           ;
; Total GXB Receiver Channel PCS    ; 0                                           ;
; Total GXB Receiver Channel PMA    ; 0                                           ;
; Total GXB Transmitter Channel PCS ; 0                                           ;
; Total GXB Transmitter Channel PMA ; 0                                           ;
; Total PLLs                        ; 0                                           ;
; Total DLLs                        ; 0                                           ;
+-----------------------------------+---------------------------------------------+


+---------------------------------------------------------------------------------------------------------------------------+
; Analysis & Synthesis Settings                                                                                             ;
+---------------------------------------------------------------------------------+--------------------+--------------------+
; Option                                                                          ; Setting            ; Default Value      ;
+---------------------------------------------------------------------------------+--------------------+--------------------+
; Top-level entity name                                                           ; VGA_Sync           ; VGA_Graphics       ;
; Family name                                                                     ; Arria II GX        ; Cyclone V          ;
; Use smart compilation                                                           ; Off                ; Off                ;
; Enable parallel Assembler and TimeQuest Timing Analyzer during compilation      ; On                 ; On                 ;
; Enable compact report table                                                     ; Off                ; Off                ;
; Restructure Multiplexers                                                        ; Auto               ; Auto               ;
; MLAB Add Timing Constraints For Mixed-Port Feed-Through Mode Setting Don't Care ; Off                ; Off                ;
; Create Debugging Nodes for IP Cores                                             ; Off                ; Off                ;
; Preserve fewer node names                                                       ; On                 ; On                 ;
; OpenCore Plus hardware evaluation                                               ; Enable             ; Enable             ;
; Verilog Version                                                                 ; Verilog_2001       ; Verilog_2001       ;
; VHDL Version                                                                    ; VHDL_1993          ; VHDL_1993          ;
; State Machine Processing                                                        ; Auto               ; Auto               ;
; Safe State Machine                                                              ; Off                ; Off                ;
; Extract Verilog State Machines                                                  ; On                 ; On                 ;
; Extract VHDL State Machines                                                     ; On                 ; On                 ;
; Ignore Verilog initial constructs                                               ; Off                ; Off                ;
; Iteration limit for constant Verilog loops                                      ; 5000               ; 5000               ;
; Iteration limit for non-constant Verilog loops                                  ; 250                ; 250                ;
; Add Pass-Through Logic to Inferred RAMs                                         ; On                 ; On                 ;
; Infer RAMs from Raw Logic                                                       ; On                 ; On                 ;
; Parallel Synthesis                                                              ; On                 ; On                 ;
; DSP Block Balancing                                                             ; Auto               ; Auto               ;
; NOT Gate Push-Back                                                              ; On                 ; On                 ;
; Power-Up Don't Care                                                             ; On                 ; On                 ;
; Remove Redundant Logic Cells                                                    ; Off                ; Off                ;
; Remove Duplicate Registers                                                      ; On                 ; On                 ;
; Ignore CARRY Buffers                                                            ; Off                ; Off                ;
; Ignore CASCADE Buffers                                                          ; Off                ; Off                ;
; Ignore GLOBAL Buffers                                                           ; Off                ; Off                ;
; Ignore ROW GLOBAL Buffers                                                       ; Off                ; Off                ;
; Ignore LCELL Buffers                                                            ; Off                ; Off                ;
; Ignore SOFT Buffers                                                             ; On                 ; On                 ;
; Limit AHDL Integers to 32 Bits                                                  ; Off                ; Off                ;
; Optimization Technique                                                          ; Balanced           ; Balanced           ;
; Carry Chain Length                                                              ; 70                 ; 70                 ;
; Auto Carry Chains                                                               ; On                 ; On                 ;
; Auto Open-Drain Pins                                                            ; On                 ; On                 ;
; Perform WYSIWYG Primitive Resynthesis                                           ; Off                ; Off                ;
; Auto ROM Replacement                                                            ; On                 ; On                 ;
; Auto RAM Replacement                                                            ; On                 ; On                 ;
; Auto DSP Block Replacement                                                      ; On                 ; On                 ;
; Auto Shift Register Replacement                                                 ; Auto               ; Auto               ;
; Allow Shift Register Merging across Hierarchies                                 ; Auto               ; Auto               ;
; Auto Clock Enable Replacement                                                   ; On                 ; On                 ;
; Strict RAM Replacement                                                          ; Off                ; Off                ;
; Allow Synchronous Control Signals                                               ; On                 ; On                 ;
; Force Use of Synchronous Clear Signals                                          ; Off                ; Off                ;
; Auto RAM Block Balancing                                                        ; On                 ; On                 ;
; Auto RAM to Logic Cell Conversion                                               ; Off                ; Off                ;
; Auto Resource Sharing                                                           ; Off                ; Off                ;
; Allow Any RAM Size For Recognition                                              ; Off                ; Off                ;
; Allow Any ROM Size For Recognition                                              ; Off                ; Off                ;
; Allow Any Shift Register Size For Recognition                                   ; Off                ; Off                ;
; Use LogicLock Constraints during Resource Balancing                             ; On                 ; On                 ;
; Ignore translate_off and synthesis_off directives                               ; Off                ; Off                ;
; Timing-Driven Synthesis                                                         ; On                 ; On                 ;
; Report Parameter Settings                                                       ; On                 ; On                 ;
; Report Source Assignments                                                       ; On                 ; On                 ;
; Report Connectivity Checks                                                      ; On                 ; On                 ;
; Ignore Maximum Fan-Out Assignments                                              ; Off                ; Off                ;
; Synchronization Register Chain Length                                           ; 3                  ; 3                  ;
; PowerPlay Power Optimization During Synthesis                                   ; Normal compilation ; Normal compilation ;
; HDL message level                                                               ; Level2             ; Level2             ;
; Suppress Register Optimization Related Messages                                 ; Off                ; Off                ;
; Number of Removed Registers Reported in Synthesis Report                        ; 5000               ; 5000               ;
; Number of Swept Nodes Reported in Synthesis Report                              ; 5000               ; 5000               ;
; Number of Inverted Registers Reported in Synthesis Report                       ; 100                ; 100                ;
; Clock MUX Protection                                                            ; On                 ; On                 ;
; Auto Gated Clock Conversion                                                     ; Off                ; Off                ;
; Block Design Naming                                                             ; Auto               ; Auto               ;
; SDC constraint protection                                                       ; Off                ; Off                ;
; Synthesis Effort                                                                ; Auto               ; Auto               ;
; Shift Register Replacement - Allow Asynchronous Clear Signal                    ; On                 ; On                 ;
; Pre-Mapping Resynthesis Optimization                                            ; Off                ; Off                ;
; Analysis & Synthesis Message Level                                              ; Medium             ; Medium             ;
; Disable Register Merging Across Hierarchies                                     ; Auto               ; Auto               ;
; Resource Aware Inference For Block RAM                                          ; On                 ; On                 ;
+---------------------------------------------------------------------------------+--------------------+--------------------+


+------------------------------------------+
; Parallel Compilation                     ;
+----------------------------+-------------+
; Processors                 ; Number      ;
+----------------------------+-------------+
; Number detected on machine ; 12          ;
; Maximum allowed            ; 12          ;
;                            ;             ;
; Average used               ; 1.00        ;
; Maximum used               ; 12          ;
;                            ;             ;
; Usage by Processor         ; % Time Used ;
;     Processor 1            ; 100.0%      ;
;     Processors 2-12        ;   0.0%      ;
+----------------------------+-------------+


+----------------------------------------------------------------------------------------------------------------------------------------+
; Analysis & Synthesis Source Files Read                                                                                                 ;
+----------------------------------+-----------------+-----------------+-------------------------------------------------------+---------+
; File Name with User-Entered Path ; Used in Netlist ; File Type       ; File Name with Absolute Path                          ; Library ;
+----------------------------------+-----------------+-----------------+-------------------------------------------------------+---------+
; VGA_Sync.vhd                     ; yes             ; User VHDL File  ; C:/Users/simon/Desktop/UNI/VHDL/VGA/VGA_Sync.vhd      ;         ;
; VGA_SyncTimer.vhd                ; yes             ; User VHDL File  ; C:/Users/simon/Desktop/UNI/VHDL/VGA/VGA_SyncTimer.vhd ;         ;
+----------------------------------+-----------------+-----------------+-------------------------------------------------------+---------+


+-----------------------------------------------------------+
; Analysis & Synthesis Resource Usage Summary               ;
+-----------------------------------------------+-----------+
; Resource                                      ; Usage     ;
+-----------------------------------------------+-----------+
; Estimated ALUTs Used                          ; 92        ;
;     -- Combinational ALUTs                    ; 92        ;
;     -- Memory ALUTs                           ; 0         ;
;     -- LUT_REGs                               ; 0         ;
; Dedicated logic registers                     ; 97        ;
;                                               ;           ;
; Estimated ALUTs Unavailable                   ; 0         ;
;     -- Due to unpartnered combinational logic ; 0         ;
;     -- Due to Memory ALUTs                    ; 0         ;
;                                               ;           ;
; Total combinational functions                 ; 92        ;
; Combinational ALUT usage by number of inputs  ;           ;
;     -- 7 input functions                      ; 0         ;
;     -- 6 input functions                      ; 12        ;
;     -- 5 input functions                      ; 9         ;
;     -- 4 input functions                      ; 5         ;
;     -- <=3 input functions                    ; 66        ;
;                                               ;           ;
; Combinational ALUTs by mode                   ;           ;
;     -- normal mode                            ; 28        ;
;     -- extended LUT mode                      ; 0         ;
;     -- arithmetic mode                        ; 64        ;
;     -- shared arithmetic mode                 ; 0         ;
;                                               ;           ;
; Estimated ALUT/register pairs used            ; 120       ;
;                                               ;           ;
; Total registers                               ; 97        ;
;     -- Dedicated logic registers              ; 97        ;
;     -- I/O registers                          ; 0         ;
;     -- LUT_REGs                               ; 0         ;
;                                               ;           ;
;                                               ;           ;
; I/O pins                                      ; 36        ;
;                                               ;           ;
; DSP block 18-bit elements                     ; 0         ;
;                                               ;           ;
; Maximum fan-out node                          ; CLK~input ;
; Maximum fan-out                               ; 97        ;
; Total fan-out                                 ; 726       ;
; Average fan-out                               ; 2.78      ;
+-----------------------------------------------+-----------+


+------------------------------------------------------------------------------------------------------------------------------------------------------------------------------------------------------------------------------------------------------------------------------+
; Analysis & Synthesis Resource Utilization by Entity                                                                                                                                                                                                                          ;
+----------------------------------------+---------------------+---------------------------+-------------------+--------------+---------+-----------+-----------+-----------+------+--------------+---------------------------------------------+---------------+--------------+
; Compilation Hierarchy Node             ; Combinational ALUTs ; Dedicated Logic Registers ; Block Memory Bits ; DSP Elements ; DSP 9x9 ; DSP 12x12 ; DSP 18x18 ; DSP 36x36 ; Pins ; Virtual Pins ; Full Hierarchy Name                         ; Entity Name   ; Library Name ;
+----------------------------------------+---------------------+---------------------------+-------------------+--------------+---------+-----------+-----------+-----------+------+--------------+---------------------------------------------+---------------+--------------+
; |VGA_Sync                              ; 92 (5)              ; 97 (0)                    ; 0                 ; 0            ; 0       ; 0         ; 0         ; 0         ; 36   ; 0            ; |VGA_Sync                                   ; VGA_Sync      ; work         ;
;    |VGA_SyncTimer:horizontalSyncTimer| ; 45 (45)             ; 49 (49)                   ; 0                 ; 0            ; 0       ; 0         ; 0         ; 0         ; 0    ; 0            ; |VGA_Sync|VGA_SyncTimer:horizontalSyncTimer ; VGA_SyncTimer ; work         ;
;    |VGA_SyncTimer:verticalSyncTimer|   ; 42 (42)             ; 48 (48)                   ; 0                 ; 0            ; 0       ; 0         ; 0         ; 0         ; 0    ; 0            ; |VGA_Sync|VGA_SyncTimer:verticalSyncTimer   ; VGA_SyncTimer ; work         ;
+----------------------------------------+---------------------+---------------------------+-------------------+--------------+---------+-----------+-----------+-----------+------+--------------+---------------------------------------------+---------------+--------------+
Note: For table entries with two numbers listed, the numbers in parentheses indicate the number of resources of the given type used by the specific entity alone. The numbers listed outside of parentheses indicate the total resources of the given type used by the specific entity and all of its sub-entities in the hierarchy.


+------------------------------------------------------+
; General Register Statistics                          ;
+----------------------------------------------+-------+
; Statistic                                    ; Value ;
+----------------------------------------------+-------+
; Total registers                              ; 97    ;
; Number of registers using Synchronous Clear  ; 64    ;
; Number of registers using Synchronous Load   ; 0     ;
; Number of registers using Asynchronous Clear ; 0     ;
; Number of registers using Asynchronous Load  ; 0     ;
; Number of registers using Clock Enable       ; 97    ;
; Number of registers using Preset             ; 0     ;
+----------------------------------------------+-------+


+--------------------------------------------------------------------------------+
; Parameter Settings for User Entity Instance: VGA_SyncTimer:horizontalSyncTimer ;
+----------------+-------+-------------------------------------------------------+
; Parameter Name ; Value ; Type                                                  ;
+----------------+-------+-------------------------------------------------------+
; resolution     ; 640   ; Signed Integer                                        ;
; frontporch     ; 16    ; Signed Integer                                        ;
; syncpulse      ; 96    ; Signed Integer                                        ;
; backporch      ; 48    ; Signed Integer                                        ;
+----------------+-------+-------------------------------------------------------+
Note: In order to hide this table in the UI and the text report file, please set the "Show Parameter Settings in Synthesis Report" option in "Analysis and Synthesis Settings -> More Settings" to "Off".


+------------------------------------------------------------------------------+
; Parameter Settings for User Entity Instance: VGA_SyncTimer:verticalSyncTimer ;
+----------------+-------+-----------------------------------------------------+
; Parameter Name ; Value ; Type                                                ;
+----------------+-------+-----------------------------------------------------+
; resolution     ; 480   ; Signed Integer                                      ;
; frontporch     ; 11    ; Signed Integer                                      ;
; syncpulse      ; 2     ; Signed Integer                                      ;
; backporch      ; 33    ; Signed Integer                                      ;
+----------------+-------+-----------------------------------------------------+
Note: In order to hide this table in the UI and the text report file, please set the "Show Parameter Settings in Synthesis Report" option in "Analysis and Synthesis Settings -> More Settings" to "Off".


+--------------------------------------------------------------------------------------------------------------------+
; Port Connectivity Checks: "VGA_SyncTimer:verticalSyncTimer"                                                        ;
+----------+--------+----------+-------------------------------------------------------------------------------------+
; Port     ; Type   ; Severity ; Details                                                                             ;
+----------+--------+----------+-------------------------------------------------------------------------------------+
; nextline ; Output ; Info     ; Connected to dangling logic. Logic that only feeds a dangling port will be removed. ;
+----------+--------+----------+-------------------------------------------------------------------------------------+


+-----------------------------------------------------+
; Post-Synthesis Netlist Statistics for Top Partition ;
+-----------------------+-----------------------------+
; Type                  ; Count                       ;
+-----------------------+-----------------------------+
; arriaii_ff            ; 97                          ;
;     ENA               ; 33                          ;
;     ENA SCLR          ; 64                          ;
; arriaii_io_obuf       ; 32                          ;
; boundary_port         ; 36                          ;
; stratixiv_lcell_comb  ; 94                          ;
;     arith             ; 64                          ;
;         1 data inputs ; 64                          ;
;     normal            ; 30                          ;
;         1 data inputs ; 2                           ;
;         3 data inputs ; 2                           ;
;         4 data inputs ; 5                           ;
;         5 data inputs ; 9                           ;
;         6 data inputs ; 12                          ;
;                       ;                             ;
; Max LUT depth         ; 4.10                        ;
; Average LUT depth     ; 2.68                        ;
+-----------------------+-----------------------------+


+-------------------------------+
; Elapsed Time Per Partition    ;
+----------------+--------------+
; Partition Name ; Elapsed Time ;
+----------------+--------------+
; Top            ; 00:00:00     ;
+----------------+--------------+


+-------------------------------+
; Analysis & Synthesis Messages ;
+-------------------------------+
Info: *******************************************************************
Info: Running Quartus Prime Analysis & Synthesis
    Info: Version 17.0.0 Build 595 04/25/2017 SJ Lite Edition
    Info: Processing started: Fri Oct 21 17:24:06 2022
Info: Command: quartus_map --read_settings_files=on --write_settings_files=off VGA_Graphics -c VGA_Graphics
Warning (18236): Number of processors has not been specified which may cause overloading on shared machines.  Set the global assignment NUM_PARALLEL_PROCESSORS in your QSF to an appropriate value for best performance.
Info (20030): Parallel compilation is enabled and will use 12 of the 12 processors detected
Info (12021): Found 2 design units, including 1 entities, in source file tb.vhd
    Info (12022): Found design unit 1: TB-arc File: C:/Users/simon/Desktop/UNI/VHDL/VGA/TB.vhd Line: 9
    Info (12023): Found entity 1: TB File: C:/Users/simon/Desktop/UNI/VHDL/VGA/TB.vhd Line: 5
Info (12021): Found 2 design units, including 1 entities, in source file vga_sync.vhd
    Info (12022): Found design unit 1: VGA_Sync-arc File: C:/Users/simon/Desktop/UNI/VHDL/VGA/VGA_Sync.vhd Line: 16
    Info (12023): Found entity 1: VGA_Sync File: C:/Users/simon/Desktop/UNI/VHDL/VGA/VGA_Sync.vhd Line: 5
Info (12021): Found 2 design units, including 1 entities, in source file vga_synctimer.vhd
    Info (12022): Found design unit 1: VGA_SyncTimer-arc File: C:/Users/simon/Desktop/UNI/VHDL/VGA/VGA_SyncTimer.vhd Line: 22
    Info (12023): Found entity 1: VGA_SyncTimer File: C:/Users/simon/Desktop/UNI/VHDL/VGA/VGA_SyncTimer.vhd Line: 5
Info (12021): Found 2 design units, including 1 entities, in source file frame_buffer.vhd
    Info (12022): Found design unit 1: Frame_Buffer-arc File: C:/Users/simon/Desktop/UNI/VHDL/VGA/Frame_Buffer.vhd Line: 21
    Info (12023): Found entity 1: Frame_Buffer File: C:/Users/simon/Desktop/UNI/VHDL/VGA/Frame_Buffer.vhd Line: 5
Info (12021): Found 2 design units, including 1 entities, in source file rasteriser.vhd
    Info (12022): Found design unit 1: Rasteriser-arc File: C:/Users/simon/Desktop/UNI/VHDL/VGA/Rasteriser.vhd Line: 21
    Info (12023): Found entity 1: Rasteriser File: C:/Users/simon/Desktop/UNI/VHDL/VGA/Rasteriser.vhd Line: 5
Info (12021): Found 2 design units, including 1 entities, in source file graphicsipelinesm.vhd
    Info (12022): Found design unit 1: Graphics_pipeline_SM-arc File: C:/Users/simon/Desktop/UNI/VHDL/VGA/GraphicsipelineSM.vhd Line: 18
    Info (12023): Found entity 1: Graphics_pipeline_SM File: C:/Users/simon/Desktop/UNI/VHDL/VGA/GraphicsipelineSM.vhd Line: 5
Info (12021): Found 2 design units, including 1 entities, in source file ram.vhd
    Info (12022): Found design unit 1: RAM-arc File: C:/Users/simon/Desktop/UNI/VHDL/VGA/RAM.vhd Line: 18
    Info (12023): Found entity 1: RAM File: C:/Users/simon/Desktop/UNI/VHDL/VGA/RAM.vhd Line: 5
Info (12021): Found 2 design units, including 1 entities, in source file datareadinterface.vhd
    Info (12022): Found design unit 1: Data_Read_Interface-arc File: C:/Users/simon/Desktop/UNI/VHDL/VGA/DataReadInterface.vhd Line: 24
    Info (12023): Found entity 1: Data_Read_Interface File: C:/Users/simon/Desktop/UNI/VHDL/VGA/DataReadInterface.vhd Line: 5
Info (12021): Found 2 design units, including 1 entities, in source file datareadtb.vhd
    Info (12022): Found design unit 1: DataReadTB-arc File: C:/Users/simon/Desktop/UNI/VHDL/VGA/DataReadTB.vhd Line: 15
    Info (12023): Found entity 1: DataReadTB File: C:/Users/simon/Desktop/UNI/VHDL/VGA/DataReadTB.vhd Line: 5
Info (12127): Elaborating entity "VGA_Sync" for the top level hierarchy
Warning (10036): Verilog HDL or VHDL warning at VGA_Sync.vhd(39): object "verticalNextLine" assigned a value but never read File: C:/Users/simon/Desktop/UNI/VHDL/VGA/VGA_Sync.vhd Line: 39
Info (12128): Elaborating entity "VGA_SyncTimer" for hierarchy "VGA_SyncTimer:horizontalSyncTimer" File: C:/Users/simon/Desktop/UNI/VHDL/VGA/VGA_Sync.vhd Line: 44
Info (12128): Elaborating entity "VGA_SyncTimer" for hierarchy "VGA_SyncTimer:verticalSyncTimer" File: C:/Users/simon/Desktop/UNI/VHDL/VGA/VGA_Sync.vhd Line: 45
Info (286030): Timing-Driven Synthesis is running
Info (16010): Generating hard_block partition "hard_block:auto_generated_inst"
    Info (16011): Adding 0 node(s), including 0 DDIO, 0 PLL, 0 transceiver and 0 LCELL
Info (21057): Implemented 160 device resources after synthesis - the final resource count might be different
    Info (21058): Implemented 2 input pins
    Info (21059): Implemented 34 output pins
    Info (21061): Implemented 124 logic cells
Info: Quartus Prime Analysis & Synthesis was successful. 0 errors, 2 warnings
    Info: Peak virtual memory: 4908 megabytes
    Info: Processing ended: Fri Oct 21 17:24:16 2022
    Info: Elapsed time: 00:00:10
    Info: Total CPU time (on all processors): 00:00:22


